[debug] [2022-12-06T15:33:39.787Z] ----------------------------------------------------------------------
[debug] [2022-12-06T15:33:39.789Z] Command:       /home/mamiri/.nvm/versions/node/v18.12.1/bin/node /home/mamiri/.nvm/versions/node/v18.12.1/bin/firebase init
[debug] [2022-12-06T15:33:39.790Z] CLI Version:   11.16.1
[debug] [2022-12-06T15:33:39.790Z] Platform:      linux
[debug] [2022-12-06T15:33:39.790Z] Node Version:  v18.12.1
[debug] [2022-12-06T15:33:39.790Z] Time:          Tue Dec 06 2022 18:33:39 GMT+0300 (Arabian Standard Time)
[debug] [2022-12-06T15:33:39.790Z] ----------------------------------------------------------------------
[debug] 
[debug] [2022-12-06T15:33:39.795Z] > command requires scopes: ["email","openid","https://www.googleapis.com/auth/cloudplatformprojects.readonly","https://www.googleapis.com/auth/firebase","https://www.googleapis.com/auth/cloud-platform"]
[debug] [2022-12-06T15:33:39.795Z] > authorizing via signed-in user (mo7ammadamiri@gmail.com)
[info] 
     ######## #### ########  ######## ########     ###     ######  ########
     ##        ##  ##     ## ##       ##     ##  ##   ##  ##       ##
     ######    ##  ########  ######   ########  #########  ######  ######
     ##        ##  ##    ##  ##       ##     ## ##     ##       ## ##
     ##       #### ##     ## ######## ########  ##     ##  ######  ########

You're about to initialize a Firebase project in this directory:

  /home/mamiri/Documents/static-website

[info] 
=== Project Setup
[info] 
[info] First, let's associate this project directory with a Firebase project.
[info] You can create multiple project aliases by running firebase use --add, 
[info] but for now we'll just set up a default project.
[info] 
[debug] [2022-12-06T15:34:12.785Z] >>> [apiv2][query] GET https://firebase.googleapis.com/v1beta1/projects pageSize=100
[debug] [2022-12-06T15:34:14.914Z] <<< [apiv2][status] GET https://firebase.googleapis.com/v1beta1/projects 200
[debug] [2022-12-06T15:34:14.914Z] <<< [apiv2][body] GET https://firebase.googleapis.com/v1beta1/projects [omitted]
[info] i  Using project artwork-bb5ac (artwork) 
[info] 
=== Hosting Setup
[info] 
[info] Your public directory is the folder (relative to your project directory) that
[info] will contain Hosting assets to be uploaded with firebase deploy. If you
[info] have a build process for your assets, use your build's output directory.
[info] 
[debug] [2022-12-06T15:34:36.837Z] >>> [apiv2][query] GET https://www.gstatic.com/firebasejs/releases.json [none]
[debug] [2022-12-06T15:34:37.435Z] <<< [apiv2][status] GET https://www.gstatic.com/firebasejs/releases.json 200
[debug] [2022-12-06T15:34:37.436Z] <<< [apiv2][body] GET https://www.gstatic.com/firebasejs/releases.json {"current":{"version":"9.14.0","browserURL":"https://www.gstatic.com/firebasejs/9.14.0/firebase.js","packageURL":"https://www.gstatic.com/firebasejs/9.14.0/firebase.tgz"},"live":{"version":"9.14","browserURL":"https://www.gstatic.com/firebasejs/live/9.14/firebase.js","packageURL":"https://www.gstatic.com/firebasejs/live/9.14/firebase.tgz"},"components":{"analytics":"https://www.gstatic.com/firebasejs/9.14.0/firebase-analytics.js","app":"https://www.gstatic.com/firebasejs/9.14.0/firebase-app.js","app-check":"https://www.gstatic.com/firebasejs/9.14.0/firebase-app-check.js","auth":"https://www.gstatic.com/firebasejs/9.14.0/firebase-auth.js","auth/cordova":"https://www.gstatic.com/firebasejs/9.14.0/firebase-auth/cordova.js","auth/react-native":"https://www.gstatic.com/firebasejs/9.14.0/firebase-auth/react-native.js","functions":"https://www.gstatic.com/firebasejs/9.14.0/firebase-functions.js","firestore":"https://www.gstatic.com/firebasejs/9.14.0/firebase-firestore.js","firestore/lite":"https://www.gstatic.com/firebasejs/9.14.0/firebase-firestore/lite.js","installations":"https://www.gstatic.com/firebasejs/9.14.0/firebase-installations.js","storage":"https://www.gstatic.com/firebasejs/9.14.0/firebase-storage.js","performance":"https://www.gstatic.com/firebasejs/9.14.0/firebase-performance.js","remote-config":"https://www.gstatic.com/firebasejs/9.14.0/firebase-remote-config.js","messaging":"https://www.gstatic.com/firebasejs/9.14.0/firebase-messaging.js","messaging/sw":"https://www.gstatic.com/firebasejs/9.14.0/firebase-messaging/sw.js","database":"https://www.gstatic.com/firebasejs/9.14.0/firebase-database.js","firestore.memory":"https://www.gstatic.com/firebasejs/9.14.0/firebase-firestore.memory.js"}}
[info] ✔  Wrote public/index.html 
[info] 
[info] i  Didn't detect a .git folder. Assuming /home/mamiri/Documents/static-website is the project root. 
[info] i  Authorizing with GitHub to upload your service account to a GitHub repository's secrets store. 
[info] 
[info] Visit this URL on this device to log in:
[info] https://github.com/login/oauth/authorize?client_id=89cf50f02ac6aaed3484&state=64171836&redirect_uri=http%3A%2F%2Flocalhost%3A9005&scope=read%3Auser%20repo%20public_repo
[info] 
[info] Waiting for authentication...
[debug] [2022-12-06T15:34:38.679Z] >>> [apiv2][query] POST https://github.com/login/oauth/access_token [none]
[debug] [2022-12-06T15:34:38.680Z] >>> [apiv2][body] POST https://github.com/login/oauth/access_token [stream]
[debug] [2022-12-06T15:34:39.484Z] <<< [apiv2][status] POST https://github.com/login/oauth/access_token 200
[debug] [2022-12-06T15:34:39.484Z] <<< [apiv2][body] POST https://github.com/login/oauth/access_token {"access_token":"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","token_type":"bearer","scope":"read:user,repo"}
[debug] [2022-12-06T15:34:39.496Z] >>> [apiv2][query] GET https://api.github.com/user [none]
[debug] [2022-12-06T15:34:40.303Z] <<< [apiv2][status] GET https://api.github.com/user 200
[debug] [2022-12-06T15:34:40.304Z] <<< [apiv2][body] GET https://api.github.com/user {"login":"mamiri263","id":116518168,"node_id":"U_kgDOBvHtGA","avatar_url":"https://avatars.githubusercontent.com/u/116518168?v=4","gravatar_id":"","url":"https://api.github.com/users/mamiri263","html_url":"https://github.com/mamiri263","followers_url":"https://api.github.com/users/mamiri263/followers","following_url":"https://api.github.com/users/mamiri263/following{/other_user}","gists_url":"https://api.github.com/users/mamiri263/gists{/gist_id}","starred_url":"https://api.github.com/users/mamiri263/starred{/owner}{/repo}","subscriptions_url":"https://api.github.com/users/mamiri263/subscriptions","organizations_url":"https://api.github.com/users/mamiri263/orgs","repos_url":"https://api.github.com/users/mamiri263/repos","events_url":"https://api.github.com/users/mamiri263/events{/privacy}","received_events_url":"https://api.github.com/users/mamiri263/received_events","type":"User","site_admin":false,"name":"Mohammad","company":null,"blog":"mamiri263.com","location":null,"email":"moh@mamiri263.com","hireable":null,"bio":"hobbyist developer","twitter_username":"mamiri263","public_repos":8,"public_gists":0,"followers":0,"following":4,"created_at":"2022-10-23T19:09:49Z","updated_at":"2022-12-06T14:57:47Z","private_gists":0,"total_private_repos":1,"owned_private_repos":1,"disk_usage":11220,"collaborators":0,"two_factor_authentication":false,"plan":{"name":"free","space":976562499,"collaborators":0,"private_repos":10000}}
[info] 
[info] ✔  Success! Logged into GitHub as mamiri263 
[info] 
